  [1m[36mSQL (0.4ms)[0m  [1mSHOW TABLES[0m
  [1m[35mSQL (284.5ms)[0m  CREATE TABLE `schema_migrations` (`version` varchar(255) NOT NULL) ENGINE=InnoDB
  [1m[36mSQL (0.7ms)[0m  [1mSHOW KEYS FROM `schema_migrations`[0m
  [1m[35mSQL (769.1ms)[0m  CREATE UNIQUE INDEX `unique_schema_migrations` ON `schema_migrations` (`version`)
  [1m[36mSQL (0.5ms)[0m  [1mSHOW TABLES[0m
  [1m[35mSQL (0.3ms)[0m  SHOW TABLES
  [1m[36mSQL (0.3ms)[0m  [1mSELECT `schema_migrations`.`version` FROM `schema_migrations`[0m
Migrating to CreateMains (20120912103722)
  [1m[35mSQL (222.5ms)[0m  CREATE TABLE `mains` (`id` int(11) DEFAULT NULL auto_increment PRIMARY KEY, `created_at` datetime, `updated_at` datetime) ENGINE=InnoDB
  [1m[36mSQL (31.3ms)[0m  [1mINSERT INTO `schema_migrations` (`version`) VALUES ('20120912103722')[0m
  [1m[35mSQL (0.5ms)[0m  SHOW TABLES
  [1m[36mSQL (0.3ms)[0m  [1mSELECT `schema_migrations`.`version` FROM `schema_migrations`[0m
  [1m[35mSQL (0.3ms)[0m  SHOW TABLES
  [1m[36mSQL (4.2ms)[0m  [1mdescribe `mains`[0m
  [1m[35mSQL (0.4ms)[0m  SHOW KEYS FROM `mains`


Started GET "/" for 127.0.0.1 at Wed Sep 12 15:40:30 +0500 2012

ActionController::RoutingError (No route matches "/"):
  

Rendered /home/pikessoft/.rvm/gems/ruby-1.8.7-p352/gems/actionpack-3.0.4/lib/action_dispatch/middleware/templates/rescues/routing_error.erb within rescues/layout (2.2ms)


Started GET "/" for 127.0.0.1 at Wed Sep 12 15:40:33 +0500 2012

ActionController::RoutingError (No route matches "/"):
  

Rendered /home/pikessoft/.rvm/gems/ruby-1.8.7-p352/gems/actionpack-3.0.4/lib/action_dispatch/middleware/templates/rescues/routing_error.erb within rescues/layout (1.7ms)


Started GET "/" for 127.0.0.1 at Wed Sep 12 15:41:54 +0500 2012

ActionController::RoutingError (uninitialized constant HomeController):
  

Rendered /home/pikessoft/.rvm/gems/ruby-1.8.7-p352/gems/actionpack-3.0.4/lib/action_dispatch/middleware/templates/rescues/routing_error.erb within rescues/layout (0.7ms)


Started GET "/" for 127.0.0.1 at Wed Sep 12 15:42:05 +0500 2012

ActionController::RoutingError (uninitialized constant MainController):
  

Rendered /home/pikessoft/.rvm/gems/ruby-1.8.7-p352/gems/actionpack-3.0.4/lib/action_dispatch/middleware/templates/rescues/routing_error.erb within rescues/layout (0.7ms)


Started GET "/" for 127.0.0.1 at Wed Sep 12 15:42:20 +0500 2012
  Processing by MainsController#index as HTML
  [1m[36mMain Load (0.2ms)[0m  [1mSELECT `mains`.* FROM `mains`[0m
Rendered mains/index.html.erb within layouts/application (2.3ms)
Completed 200 OK in 69ms (Views: 5.3ms | ActiveRecord: 0.2ms)
  [1m[36mSQL (0.4ms)[0m  [1mSHOW TABLES[0m
  [1m[35mSQL (0.3ms)[0m  SHOW TABLES
  [1m[36mSQL (0.2ms)[0m  [1mSELECT `schema_migrations`.`version` FROM `schema_migrations`[0m
Migrating to CreateMains (20120912103722)
Migrating to CreateSeconds (20120912104250)
  [1m[35mSQL (347.2ms)[0m  CREATE TABLE `seconds` (`id` int(11) DEFAULT NULL auto_increment PRIMARY KEY, `created_at` datetime, `updated_at` datetime) ENGINE=InnoDB
  [1m[36mSQL (34.3ms)[0m  [1mINSERT INTO `schema_migrations` (`version`) VALUES ('20120912104250')[0m
Migrating to CreatePosts (20120912104431)
  [1m[35mSQL (194.1ms)[0m  CREATE TABLE `posts` (`id` int(11) DEFAULT NULL auto_increment PRIMARY KEY, `name` varchar(255), `title` varchar(255), `content` text, `created_at` datetime, `updated_at` datetime) ENGINE=InnoDB
  [1m[36mSQL (49.2ms)[0m  [1mINSERT INTO `schema_migrations` (`version`) VALUES ('20120912104431')[0m
  [1m[35mSQL (0.6ms)[0m  SHOW TABLES
  [1m[36mSQL (0.4ms)[0m  [1mSELECT `schema_migrations`.`version` FROM `schema_migrations`[0m
  [1m[35mSQL (0.5ms)[0m  SHOW TABLES
  [1m[36mSQL (0.7ms)[0m  [1mdescribe `mains`[0m
  [1m[35mSQL (0.4ms)[0m  SHOW KEYS FROM `mains`
  [1m[36mSQL (0.8ms)[0m  [1mdescribe `posts`[0m
  [1m[35mSQL (0.4ms)[0m  SHOW KEYS FROM `posts`
  [1m[36mSQL (0.9ms)[0m  [1mdescribe `seconds`[0m
  [1m[35mSQL (0.4ms)[0m  SHOW KEYS FROM `seconds`
  [1m[36mSQL (93.3ms)[0m  [1mSHOW TABLES[0m
  [1m[35mSQL (0.6ms)[0m  SHOW TABLES
  [1m[36mSQL (168.0ms)[0m  [1mSELECT `schema_migrations`.`version` FROM `schema_migrations`[0m
Migrating to CreateMains (20120912103722)
Migrating to CreateSeconds (20120912104250)
Migrating to CreatePosts (20120912104431)
Migrating to AddAttachmentAvatarToPosts (20120913105142)
DEPRECATION WARNING: Method `t.has_attached_file` in the migration has been deprecated and will be replaced by `t.attachment`. (called from block in up at /home/pikessoft/projects/taim/db/migrate/20120913105142_add_attachment_avatar_to_posts.rb:4)
  [1m[35mSQL (1060.6ms)[0m  ALTER TABLE `posts` ADD `avatar_file_name` varchar(255)
  [1m[36mSQL (615.8ms)[0m  [1mALTER TABLE `posts` ADD `avatar_content_type` varchar(255)[0m
  [1m[35mSQL (489.4ms)[0m  ALTER TABLE `posts` ADD `avatar_file_size` int(11)
  [1m[36mSQL (477.1ms)[0m  [1mALTER TABLE `posts` ADD `avatar_updated_at` datetime[0m
  [1m[35mSQL (30.2ms)[0m  INSERT INTO `schema_migrations` (`version`) VALUES ('20120913105142')
  [1m[36mSQL (45.7ms)[0m  [1mSHOW TABLES[0m
  [1m[35mSQL (0.3ms)[0m  SELECT `schema_migrations`.`version` FROM `schema_migrations`
  [1m[36mSQL (0.4ms)[0m  [1mSHOW TABLES[0m
  [1m[35mSQL (0.8ms)[0m  describe `mains`
  [1m[36mSQL (28.6ms)[0m  [1mSHOW KEYS FROM `mains`[0m
  [1m[35mSQL (1.0ms)[0m  describe `posts`
  [1m[36mSQL (0.5ms)[0m  [1mSHOW KEYS FROM `posts`[0m
  [1m[35mSQL (0.7ms)[0m  describe `seconds`
  [1m[36mSQL (18.5ms)[0m  [1mSHOW KEYS FROM `seconds`[0m


Started GET "/" for 127.0.0.1 at 2012-09-13 16:02:48 +0500
  Processing by PostsController#edit as HTML
Completed   in 401ms

ActiveRecord::RecordNotFound (Couldn't find Post without an ID):
  app/controllers/posts_controller.rb:37:in `edit'

Rendered /home/pikessoft/.rvm/gems/ruby-1.9.2-p290/gems/actionpack-3.0.4/lib/action_dispatch/middleware/templates/rescues/_trace.erb (3.2ms)
Rendered /home/pikessoft/.rvm/gems/ruby-1.9.2-p290/gems/actionpack-3.0.4/lib/action_dispatch/middleware/templates/rescues/_request_and_response.erb (4.9ms)
Rendered /home/pikessoft/.rvm/gems/ruby-1.9.2-p290/gems/actionpack-3.0.4/lib/action_dispatch/middleware/templates/rescues/diagnostics.erb within rescues/layout (99.0ms)


Started GET "/" for 127.0.0.1 at 2012-09-13 16:03:51 +0500
  Processing by PostsController#new as HTML
Rendered posts/new.html.erb within layouts/application (78.1ms)
Completed   in 135ms

ActionView::Template::Error (undefined local variable or method `users_path' for #<#<Class:0x000000031330a0>:0x00000003130fa8>):
    1: <h1>New post</h1>
    2: <%= form_for @user, :url => users_path, :html => { :multipart => true } do |form| %>
    3:   <%= form.file_field :avatar %>
    4: <% end %>
    5: <%= render 'form' %>
  app/views/posts/new.html.erb:2:in `_app_views_posts_new_html_erb__1873544969110375717_25787760_2747414241951562079'
  app/controllers/posts_controller.rb:29:in `new'

Rendered /home/pikessoft/.rvm/gems/ruby-1.9.2-p290/gems/actionpack-3.0.4/lib/action_dispatch/middleware/templates/rescues/_trace.erb (3.4ms)
Rendered /home/pikessoft/.rvm/gems/ruby-1.9.2-p290/gems/actionpack-3.0.4/lib/action_dispatch/middleware/templates/rescues/_request_and_response.erb (13.2ms)
Rendered /home/pikessoft/.rvm/gems/ruby-1.9.2-p290/gems/actionpack-3.0.4/lib/action_dispatch/middleware/templates/rescues/template_error.erb within rescues/layout (38.3ms)


Started GET "/" for 127.0.0.1 at 2012-09-13 16:04:31 +0500
  Processing by PostsController#new as HTML
Rendered posts/_form.html.erb (213.7ms)
Rendered posts/new.html.erb within layouts/application (355.9ms)
Completed 200 OK in 378ms (Views: 359.2ms | ActiveRecord: 0.0ms)


Started POST "/posts" for 127.0.0.1 at 2012-09-13 16:05:07 +0500
  Processing by PostsController#create as HTML
  Parameters: {"utf8"=>"✓", "authenticity_token"=>"kCJ0/AlBmjP4YNrxSioO7RJphO9P9z1WXHr/64w1wMo=", "post"=>{"name"=>"Taimoor", "title"=>"Changaiz", "content"=>"this 6th september :)"}, "commit"=>"Create Post"}
WARNING: Can't mass-assign protected attributes: name, title, content
  [1m[36mSQL (0.1ms)[0m  [1mBEGIN[0m
  [1m[35mSQL (0.5ms)[0m  SHOW TABLES
  [1m[36mSQL (1.0ms)[0m  [1mdescribe `posts`[0m
  [1m[35mAREL (0.5ms)[0m  INSERT INTO `posts` (`name`, `title`, `content`, `created_at`, `updated_at`, `avatar_file_name`, `avatar_content_type`, `avatar_file_size`, `avatar_updated_at`) VALUES (NULL, NULL, NULL, '2012-09-13 11:05:07', '2012-09-13 11:05:07', NULL, NULL, NULL, NULL)
[paperclip] Saving attachments.
  [1m[36mSQL (38.9ms)[0m  [1mCOMMIT[0m
Completed   in 155ms

ActionView::MissingTemplate (Missing template posts/create with {:handlers=>[:erb, :rjs, :builder, :rhtml, :rxml], :formats=>[:html], :locale=>[:en, :en]} in view paths "/home/pikessoft/projects/taim/app/views"):
  

Rendered /home/pikessoft/.rvm/gems/ruby-1.9.2-p290/gems/actionpack-3.0.4/lib/action_dispatch/middleware/templates/rescues/missing_template.erb within rescues/layout (1.8ms)


Started POST "/posts" for 127.0.0.1 at 2012-09-13 16:05:28 +0500
  Processing by PostsController#create as HTML
  Parameters: {"utf8"=>"✓", "authenticity_token"=>"kCJ0/AlBmjP4YNrxSioO7RJphO9P9z1WXHr/64w1wMo=", "post"=>{"name"=>"Taimoor", "title"=>"Changaiz", "content"=>"this 6th september :)"}, "commit"=>"Create Post"}
WARNING: Can't mass-assign protected attributes: name, title, content
  [1m[35mSQL (0.1ms)[0m  BEGIN
  [1m[36mSQL (1.0ms)[0m  [1mdescribe `posts`[0m
  [1m[35mAREL (0.4ms)[0m  INSERT INTO `posts` (`name`, `title`, `content`, `created_at`, `updated_at`, `avatar_file_name`, `avatar_content_type`, `avatar_file_size`, `avatar_updated_at`) VALUES (NULL, NULL, NULL, '2012-09-13 11:05:28', '2012-09-13 11:05:28', NULL, NULL, NULL, NULL)
[paperclip] Saving attachments.
  [1m[36mSQL (20.5ms)[0m  [1mCOMMIT[0m
Redirected to http://localhost:3000/posts/2
Completed 302 Found in 57ms


Started GET "/posts/2" for 127.0.0.1 at 2012-09-13 16:05:28 +0500
  Processing by PostsController#show as HTML
  Parameters: {"id"=>"2"}
  [1m[35mPost Load (24.1ms)[0m  SELECT `posts`.* FROM `posts` WHERE `posts`.`id` = 2 LIMIT 1
Rendered posts/show.html.erb within layouts/application (23.1ms)
Completed 200 OK in 73ms (Views: 30.3ms | ActiveRecord: 46.1ms)


Started GET "/avatars/original/missing.png" for 127.0.0.1 at 2012-09-13 16:05:29 +0500

ActionController::RoutingError (No route matches "/avatars/original/missing.png"):
  

Rendered /home/pikessoft/.rvm/gems/ruby-1.9.2-p290/gems/actionpack-3.0.4/lib/action_dispatch/middleware/templates/rescues/routing_error.erb within rescues/layout (2.2ms)


Started GET "/avatars/thumb/missing.png" for 127.0.0.1 at 2012-09-13 16:05:29 +0500

ActionController::RoutingError (No route matches "/avatars/thumb/missing.png"):
  

Rendered /home/pikessoft/.rvm/gems/ruby-1.9.2-p290/gems/actionpack-3.0.4/lib/action_dispatch/middleware/templates/rescues/routing_error.erb within rescues/layout (1.4ms)


Started GET "/avatars/medium/missing.png" for 127.0.0.1 at 2012-09-13 16:05:29 +0500

ActionController::RoutingError (No route matches "/avatars/medium/missing.png"):
  

Rendered /home/pikessoft/.rvm/gems/ruby-1.9.2-p290/gems/actionpack-3.0.4/lib/action_dispatch/middleware/templates/rescues/routing_error.erb within rescues/layout (1.9ms)


Started GET "/posts/2/edit" for 127.0.0.1 at 2012-09-13 16:05:31 +0500
  Processing by PostsController#edit as HTML
  Parameters: {"id"=>"2"}
  [1m[36mPost Load (0.1ms)[0m  [1mSELECT `posts`.* FROM `posts` WHERE `posts`.`id` = 2 LIMIT 1[0m
Rendered posts/_form.html.erb (9.5ms)
Rendered posts/edit.html.erb within layouts/application (13.2ms)
Completed 200 OK in 26ms (Views: 16.1ms | ActiveRecord: 0.1ms)


Started GET "/posts/2/edit" for 127.0.0.1 at 2012-09-13 16:05:49 +0500
  Processing by PostsController#edit as HTML
  Parameters: {"id"=>"2"}
  [1m[35mPost Load (0.1ms)[0m  SELECT `posts`.* FROM `posts` WHERE `posts`.`id` = 2 LIMIT 1
Rendered posts/_form.html.erb (10.9ms)
Rendered posts/edit.html.erb within layouts/application (14.8ms)
Completed 200 OK in 28ms (Views: 17.6ms | ActiveRecord: 0.1ms)


Started GET "/" for 127.0.0.1 at 2012-09-13 16:06:21 +0500
  Processing by PostsController#new as HTML
Rendered posts/_form.html.erb (2.5ms)
Rendered posts/new.html.erb within layouts/application (33.7ms)
Completed 200 OK in 46ms (Views: 37.1ms | ActiveRecord: 0.0ms)


Started POST "/posts" for 127.0.0.1 at 2012-09-13 16:06:44 +0500
  Processing by PostsController#create as HTML
  Parameters: {"utf8"=>"✓", "authenticity_token"=>"kCJ0/AlBmjP4YNrxSioO7RJphO9P9z1WXHr/64w1wMo=", "post"=>{"name"=>"xx", "title"=>"xxx", "content"=>"xxxxxxxxxxxxxxxxxxxxxxxx"}, "commit"=>"Create Post"}
WARNING: Can't mass-assign protected attributes: name, title, content
  [1m[36mSQL (0.1ms)[0m  [1mBEGIN[0m
  [1m[35mSQL (1.1ms)[0m  describe `posts`
  [1m[36mAREL (0.3ms)[0m  [1mINSERT INTO `posts` (`name`, `title`, `content`, `created_at`, `updated_at`, `avatar_file_name`, `avatar_content_type`, `avatar_file_size`, `avatar_updated_at`) VALUES (NULL, NULL, NULL, '2012-09-13 11:06:44', '2012-09-13 11:06:44', NULL, NULL, NULL, NULL)[0m
[paperclip] Saving attachments.
  [1m[35mSQL (52.0ms)[0m  COMMIT
Redirected to http://localhost:3000/posts/1
Completed 302 Found in 86ms


Started GET "/posts/1" for 127.0.0.1 at 2012-09-13 16:06:44 +0500
  Processing by PostsController#show as HTML
  Parameters: {"id"=>"1"}
  [1m[36mPost Load (0.5ms)[0m  [1mSELECT `posts`.* FROM `posts` WHERE `posts`.`id` = 1 LIMIT 1[0m
Rendered posts/show.html.erb within layouts/application (40.8ms)
Completed 200 OK in 55ms (Views: 43.7ms | ActiveRecord: 54.0ms)


Started GET "/avatars/original/missing.png" for 127.0.0.1 at 2012-09-13 16:06:44 +0500

ActionController::RoutingError (No route matches "/avatars/original/missing.png"):
  

Rendered /home/pikessoft/.rvm/gems/ruby-1.9.2-p290/gems/actionpack-3.0.4/lib/action_dispatch/middleware/templates/rescues/routing_error.erb within rescues/layout (1.1ms)


Started GET "/avatars/medium/missing.png" for 127.0.0.1 at 2012-09-13 16:06:44 +0500

ActionController::RoutingError (No route matches "/avatars/medium/missing.png"):
  

Rendered /home/pikessoft/.rvm/gems/ruby-1.9.2-p290/gems/actionpack-3.0.4/lib/action_dispatch/middleware/templates/rescues/routing_error.erb within rescues/layout (1.9ms)


Started GET "/avatars/thumb/missing.png" for 127.0.0.1 at 2012-09-13 16:06:44 +0500

ActionController::RoutingError (No route matches "/avatars/thumb/missing.png"):
  

Rendered /home/pikessoft/.rvm/gems/ruby-1.9.2-p290/gems/actionpack-3.0.4/lib/action_dispatch/middleware/templates/rescues/routing_error.erb within rescues/layout (1.1ms)


Started GET "/posts/1/edit" for 127.0.0.1 at 2012-09-13 16:08:11 +0500
  Processing by PostsController#edit as HTML
  Parameters: {"id"=>"1"}
  [1m[35mPost Load (0.2ms)[0m  SELECT `posts`.* FROM `posts` WHERE `posts`.`id` = 1 LIMIT 1
Rendered posts/_form.html.erb (24.2ms)
Rendered posts/edit.html.erb within layouts/application (29.7ms)
Completed 200 OK in 49ms (Views: 37.5ms | ActiveRecord: 0.2ms)


Started POST "/posts/1" for 127.0.0.1 at 2012-09-13 16:08:17 +0500
  Processing by PostsController#update as HTML
  Parameters: {"utf8"=>"✓", "authenticity_token"=>"kCJ0/AlBmjP4YNrxSioO7RJphO9P9z1WXHr/64w1wMo=", "post"=>{"name"=>"www", "title"=>"ccccccccccccccccc", "content"=>"ffffffffffffffffffffffff"}, "commit"=>"Update Post", "id"=>"1"}
  [1m[36mPost Load (0.1ms)[0m  [1mSELECT `posts`.* FROM `posts` WHERE `posts`.`id` = 1 LIMIT 1[0m
  [1m[35mSQL (0.1ms)[0m  BEGIN
WARNING: Can't mass-assign protected attributes: name, title, content
[paperclip] Saving attachments.
  [1m[36mSQL (0.1ms)[0m  [1mCOMMIT[0m
Redirected to http://localhost:3000/posts/1
Completed 302 Found in 28ms


Started GET "/posts/1" for 127.0.0.1 at 2012-09-13 16:08:17 +0500
  Processing by PostsController#show as HTML
  Parameters: {"id"=>"1"}
  [1m[35mPost Load (0.1ms)[0m  SELECT `posts`.* FROM `posts` WHERE `posts`.`id` = 1 LIMIT 1
Rendered posts/show.html.erb within layouts/application (17.3ms)
Completed 200 OK in 31ms (Views: 20.5ms | ActiveRecord: 0.4ms)


Started GET "/avatars/original/missing.png" for 127.0.0.1 at 2012-09-13 16:08:18 +0500

ActionController::RoutingError (No route matches "/avatars/original/missing.png"):
  

Rendered /home/pikessoft/.rvm/gems/ruby-1.9.2-p290/gems/actionpack-3.0.4/lib/action_dispatch/middleware/templates/rescues/routing_error.erb within rescues/layout (1.2ms)


Started GET "/avatars/medium/missing.png" for 127.0.0.1 at 2012-09-13 16:08:18 +0500

ActionController::RoutingError (No route matches "/avatars/medium/missing.png"):
  

Rendered /home/pikessoft/.rvm/gems/ruby-1.9.2-p290/gems/actionpack-3.0.4/lib/action_dispatch/middleware/templates/rescues/routing_error.erb within rescues/layout (0.9ms)


Started GET "/avatars/thumb/missing.png" for 127.0.0.1 at 2012-09-13 16:08:18 +0500

ActionController::RoutingError (No route matches "/avatars/thumb/missing.png"):
  

Rendered /home/pikessoft/.rvm/gems/ruby-1.9.2-p290/gems/actionpack-3.0.4/lib/action_dispatch/middleware/templates/rescues/routing_error.erb within rescues/layout (1.7ms)


Started GET "/" for 127.0.0.1 at 2012-09-13 16:13:10 +0500
  Processing by PostsController#new as HTML
Rendered posts/_form.html.erb (8.7ms)
Rendered posts/new.html.erb within layouts/application (11.6ms)
Completed 200 OK in 24ms (Views: 14.4ms | ActiveRecord: 0.0ms)


Started POST "/posts" for 127.0.0.1 at 2012-09-13 16:13:27 +0500
  Processing by PostsController#create as HTML
  Parameters: {"utf8"=>"✓", "authenticity_token"=>"kCJ0/AlBmjP4YNrxSioO7RJphO9P9z1WXHr/64w1wMo=", "post"=>{"avatar"=>#<ActionDispatch::Http::UploadedFile:0x000000032f9038 @original_filename="6sep.jpg", @content_type="image/jpeg", @headers="Content-Disposition: form-data; name=\"post[avatar]\"; filename=\"6sep.jpg\"\r\nContent-Type: image/jpeg\r\n", @tempfile=#<File:/tmp/RackMultipart20120913-27289-x086in>>, "name"=>"cccccccccc", "title"=>"vvvvvvvvvvvvvvvvv", "content"=>"veeeeeeeeeeeeeeeeeeeeeeeeeeeeee"}, "commit"=>"Create Post"}
WARNING: Can't mass-assign protected attributes: name, title, content
[32mCommand[0m :: identify -format %wx%h '/tmp/6sep20120913-27289-19t1vj9.jpg[0]'
[32mCommand[0m :: identify -format %m '/tmp/6sep20120913-27289-19t1vj9.jpg[0]'
[32mCommand[0m :: identify -format %m '/tmp/6sep20120913-27289-19t1vj9.jpg[0]'
[32mCommand[0m :: convert '/tmp/6sep20120913-27289-19t1vj9.jpg[0]' -auto-orient -resize "300x300>" '/tmp/6sep20120913-27289-19t1vj920120913-27289-cpm252'
[32mCommand[0m :: file -b --mime '/tmp/6sep20120913-27289-19t1vj920120913-27289-cpm252'
[32mCommand[0m :: identify -format %wx%h '/tmp/6sep20120913-27289-19t1vj9.jpg[0]'
[32mCommand[0m :: identify -format %m '/tmp/6sep20120913-27289-19t1vj9.jpg[0]'
[32mCommand[0m :: identify -format %m '/tmp/6sep20120913-27289-19t1vj9.jpg[0]'
[32mCommand[0m :: convert '/tmp/6sep20120913-27289-19t1vj9.jpg[0]' -auto-orient -resize "100x100>" '/tmp/6sep20120913-27289-19t1vj920120913-27289-1snjr1m'
[32mCommand[0m :: file -b --mime '/tmp/6sep20120913-27289-19t1vj920120913-27289-1snjr1m'
  [1m[36mSQL (0.2ms)[0m  [1mBEGIN[0m
  [1m[35mSQL (30.8ms)[0m  describe `posts`
  [1m[36mAREL (0.5ms)[0m  [1mINSERT INTO `posts` (`name`, `title`, `content`, `created_at`, `updated_at`, `avatar_file_name`, `avatar_content_type`, `avatar_file_size`, `avatar_updated_at`) VALUES (NULL, NULL, NULL, '2012-09-13 11:13:29', '2012-09-13 11:13:29', '6sep.jpg', 'image/jpeg', 221483, '2012-09-13 11:13:27')[0m
[paperclip] Saving attachments.
  [1m[35mSQL (34.4ms)[0m  COMMIT
  [1m[36mSQL (0.1ms)[0m  [1mBEGIN[0m
[paperclip] Saving attachments.
  [1m[35mSQL (0.1ms)[0m  COMMIT
Redirected to http://localhost:3000/posts/2
Completed 302 Found in 2257ms


Started GET "/posts/2" for 127.0.0.1 at 2012-09-13 16:13:29 +0500
  Processing by PostsController#show as HTML
  Parameters: {"id"=>"2"}
  [1m[36mPost Load (0.2ms)[0m  [1mSELECT `posts`.* FROM `posts` WHERE `posts`.`id` = 2 LIMIT 1[0m
Rendered posts/show.html.erb within layouts/application (11.1ms)
Completed 200 OK in 25ms (Views: 14.1ms | ActiveRecord: 66.4ms)


Started GET "/posts/2/edit" for 127.0.0.1 at 2012-09-13 16:15:55 +0500
  Processing by PostsController#edit as HTML
  Parameters: {"id"=>"2"}
  [1m[35mSQL (0.6ms)[0m  SHOW TABLES
Completed   in 37ms

NameError (undefined local variable or method `title' for #<Class:0x00000002aa4770>):
  app/models/post.rb:3:in `<class:Post>'
  app/models/post.rb:1:in `<top (required)>'
  app/controllers/posts_controller.rb:37:in `edit'

Rendered /home/pikessoft/.rvm/gems/ruby-1.9.2-p290/gems/actionpack-3.0.4/lib/action_dispatch/middleware/templates/rescues/_trace.erb (1.2ms)
Rendered /home/pikessoft/.rvm/gems/ruby-1.9.2-p290/gems/actionpack-3.0.4/lib/action_dispatch/middleware/templates/rescues/_request_and_response.erb (5.0ms)
Rendered /home/pikessoft/.rvm/gems/ruby-1.9.2-p290/gems/actionpack-3.0.4/lib/action_dispatch/middleware/templates/rescues/diagnostics.erb within rescues/layout (33.8ms)


Started GET "/posts/2/edit" for 127.0.0.1 at 2012-09-13 16:15:57 +0500
  Processing by PostsController#edit as HTML
  Parameters: {"id"=>"2"}
  [1m[36mSQL (0.3ms)[0m  [1mSHOW TABLES[0m
Completed   in 7ms

NameError (undefined local variable or method `title' for #<Class:0x0000000328fed0>):
  app/models/post.rb:3:in `<class:Post>'
  app/models/post.rb:1:in `<top (required)>'
  app/controllers/posts_controller.rb:37:in `edit'

Rendered /home/pikessoft/.rvm/gems/ruby-1.9.2-p290/gems/actionpack-3.0.4/lib/action_dispatch/middleware/templates/rescues/_trace.erb (1.1ms)
Rendered /home/pikessoft/.rvm/gems/ruby-1.9.2-p290/gems/actionpack-3.0.4/lib/action_dispatch/middleware/templates/rescues/_request_and_response.erb (4.1ms)
Rendered /home/pikessoft/.rvm/gems/ruby-1.9.2-p290/gems/actionpack-3.0.4/lib/action_dispatch/middleware/templates/rescues/diagnostics.erb within rescues/layout (14.5ms)


Started GET "/" for 127.0.0.1 at 2012-09-13 16:16:05 +0500
  Processing by PostsController#new as HTML
  [1m[35mSQL (0.5ms)[0m  SHOW TABLES
Completed   in 7ms

NameError (undefined local variable or method `title' for #<Class:0x00000002a9dda8>):
  app/models/post.rb:3:in `<class:Post>'
  app/models/post.rb:1:in `<top (required)>'
  app/controllers/posts_controller.rb:27:in `new'

Rendered /home/pikessoft/.rvm/gems/ruby-1.9.2-p290/gems/actionpack-3.0.4/lib/action_dispatch/middleware/templates/rescues/_trace.erb (1.1ms)
Rendered /home/pikessoft/.rvm/gems/ruby-1.9.2-p290/gems/actionpack-3.0.4/lib/action_dispatch/middleware/templates/rescues/_request_and_response.erb (3.8ms)
Rendered /home/pikessoft/.rvm/gems/ruby-1.9.2-p290/gems/actionpack-3.0.4/lib/action_dispatch/middleware/templates/rescues/diagnostics.erb within rescues/layout (32.6ms)


Started GET "/" for 127.0.0.1 at 2012-09-13 16:16:05 +0500
  Processing by PostsController#new as HTML
  [1m[36mSQL (0.4ms)[0m  [1mSHOW TABLES[0m
Completed   in 8ms

NameError (undefined local variable or method `title' for #<Class:0x0000000328fde0>):
  app/models/post.rb:3:in `<class:Post>'
  app/models/post.rb:1:in `<top (required)>'
  app/controllers/posts_controller.rb:27:in `new'

Rendered /home/pikessoft/.rvm/gems/ruby-1.9.2-p290/gems/actionpack-3.0.4/lib/action_dispatch/middleware/templates/rescues/_trace.erb (1.1ms)
Rendered /home/pikessoft/.rvm/gems/ruby-1.9.2-p290/gems/actionpack-3.0.4/lib/action_dispatch/middleware/templates/rescues/_request_and_response.erb (3.8ms)
Rendered /home/pikessoft/.rvm/gems/ruby-1.9.2-p290/gems/actionpack-3.0.4/lib/action_dispatch/middleware/templates/rescues/diagnostics.erb within rescues/layout (7.9ms)


Started GET "/" for 127.0.0.1 at 2012-09-13 16:16:34 +0500
  Processing by PostsController#new as HTML
Rendered posts/_form.html.erb (8.5ms)
Rendered posts/new.html.erb within layouts/application (11.3ms)
Completed 200 OK in 24ms (Views: 15.4ms | ActiveRecord: 0.9ms)


Started GET "/posts/2/edit" for 127.0.0.1 at 2012-09-13 16:16:38 +0500
  Processing by PostsController#edit as HTML
  Parameters: {"id"=>"2"}
  [1m[35mPost Load (0.1ms)[0m  SELECT `posts`.* FROM `posts` WHERE `posts`.`id` = 2 LIMIT 1
Rendered posts/_form.html.erb (11.1ms)
Rendered posts/edit.html.erb within layouts/application (14.7ms)
Completed 200 OK in 50ms (Views: 17.7ms | ActiveRecord: 0.1ms)


Started POST "/posts" for 127.0.0.1 at 2012-09-13 16:16:52 +0500

ActionController::RoutingError (No route matches "/posts"):
  

Rendered /home/pikessoft/.rvm/gems/ruby-1.9.2-p290/gems/actionpack-3.0.4/lib/action_dispatch/middleware/templates/rescues/routing_error.erb within rescues/layout (0.8ms)


Started GET "/" for 127.0.0.1 at 2012-09-13 16:17:18 +0500
  Processing by PostsController#new as HTML
Rendered posts/_form.html.erb (8.3ms)
Rendered posts/new.html.erb within layouts/application (11.0ms)
Completed 200 OK in 23ms (Views: 13.8ms | ActiveRecord: 0.0ms)


Started GET "/" for 127.0.0.1 at 2012-09-13 16:17:18 +0500
  Processing by PostsController#new as HTML
Rendered posts/_form.html.erb (44.6ms)
Rendered posts/new.html.erb within layouts/application (47.5ms)
Completed 200 OK in 60ms (Views: 50.6ms | ActiveRecord: 0.0ms)


Started POST "/posts" for 127.0.0.1 at 2012-09-13 16:17:28 +0500
  Processing by PostsController#create as HTML
  Parameters: {"utf8"=>"✓", "authenticity_token"=>"kCJ0/AlBmjP4YNrxSioO7RJphO9P9z1WXHr/64w1wMo=", "post"=>{"avatar"=>#<ActionDispatch::Http::UploadedFile:0x0000000323acc8 @original_filename="65114_party-in-the-park.gif", @content_type="image/gif", @headers="Content-Disposition: form-data; name=\"post[avatar]\"; filename=\"65114_party-in-the-park.gif\"\r\nContent-Type: image/gif\r\n", @tempfile=#<File:/tmp/RackMultipart20120913-27289-1dsfxk9>>, "name"=>"ccccccccc", "title"=>"wwwwwwwwwwwwwww", "content"=>"ssssssssssssssssss"}, "commit"=>"Create Post"}
[32mCommand[0m :: identify -format %wx%h '/tmp/65114_party-in-the-park20120913-27289-6d4k5w.gif[0]'
[32mCommand[0m :: identify -format %m '/tmp/65114_party-in-the-park20120913-27289-6d4k5w.gif[0]'
[32mCommand[0m :: identify -format %m '/tmp/65114_party-in-the-park20120913-27289-6d4k5w.gif[0]'
[32mCommand[0m :: convert '/tmp/65114_party-in-the-park20120913-27289-6d4k5w.gif' -coalesce -auto-orient -resize "300x300>" '/tmp/65114_party-in-the-park20120913-27289-6d4k5w20120913-27289-xdxr4p'
[32mCommand[0m :: file -b --mime '/tmp/65114_party-in-the-park20120913-27289-6d4k5w20120913-27289-xdxr4p'
[32mCommand[0m :: identify -format %wx%h '/tmp/65114_party-in-the-park20120913-27289-6d4k5w.gif[0]'
[32mCommand[0m :: identify -format %m '/tmp/65114_party-in-the-park20120913-27289-6d4k5w.gif[0]'
[32mCommand[0m :: identify -format %m '/tmp/65114_party-in-the-park20120913-27289-6d4k5w.gif[0]'
[32mCommand[0m :: convert '/tmp/65114_party-in-the-park20120913-27289-6d4k5w.gif' -coalesce -auto-orient -resize "100x100>" '/tmp/65114_party-in-the-park20120913-27289-6d4k5w20120913-27289-98ugku'
[32mCommand[0m :: file -b --mime '/tmp/65114_party-in-the-park20120913-27289-6d4k5w20120913-27289-98ugku'
  [1m[36mSQL (0.1ms)[0m  [1mBEGIN[0m
  [1m[35mSQL (1.0ms)[0m  describe `posts`
  [1m[36mAREL (0.4ms)[0m  [1mINSERT INTO `posts` (`name`, `title`, `content`, `created_at`, `updated_at`, `avatar_file_name`, `avatar_content_type`, `avatar_file_size`, `avatar_updated_at`) VALUES ('ccccccccc', 'wwwwwwwwwwwwwww', 'ssssssssssssssssss', '2012-09-13 11:17:29', '2012-09-13 11:17:29', '65114_party-in-the-park.gif', 'image/gif', 8877, '2012-09-13 11:17:28')[0m
[paperclip] Saving attachments.
  [1m[35mSQL (77.5ms)[0m  COMMIT
  [1m[36mSQL (0.1ms)[0m  [1mBEGIN[0m
[paperclip] Saving attachments.
  [1m[35mSQL (0.1ms)[0m  COMMIT
Redirected to http://localhost:3000/posts/3
Completed 302 Found in 864ms


Started GET "/posts/3" for 127.0.0.1 at 2012-09-13 16:17:29 +0500
  Processing by PostsController#show as HTML
  Parameters: {"id"=>"3"}
  [1m[36mPost Load (0.5ms)[0m  [1mSELECT `posts`.* FROM `posts` WHERE `posts`.`id` = 3 LIMIT 1[0m
Rendered posts/show.html.erb within layouts/application (12.0ms)
Completed 200 OK in 26ms (Views: 15.4ms | ActiveRecord: 79.7ms)


Started GET "/posts/3/edit" for 127.0.0.1 at 2012-09-13 16:17:31 +0500
  Processing by PostsController#edit as HTML
  Parameters: {"id"=>"3"}
  [1m[35mPost Load (0.1ms)[0m  SELECT `posts`.* FROM `posts` WHERE `posts`.`id` = 3 LIMIT 1
Rendered posts/_form.html.erb (9.9ms)
Rendered posts/edit.html.erb within layouts/application (13.1ms)
Completed 200 OK in 26ms (Views: 15.9ms | ActiveRecord: 0.1ms)


Started POST "/posts" for 127.0.0.1 at 2012-09-13 16:17:34 +0500

ActionController::RoutingError (No route matches "/posts"):
  

Rendered /home/pikessoft/.rvm/gems/ruby-1.9.2-p290/gems/actionpack-3.0.4/lib/action_dispatch/middleware/templates/rescues/routing_error.erb within rescues/layout (1.1ms)


Started GET "/posts" for 127.0.0.1 at 2012-09-13 16:20:17 +0500
  Processing by PostsController#index as HTML
  [1m[36mPost Load (1.3ms)[0m  [1mSELECT `posts`.* FROM `posts`[0m
Rendered posts/index.html.erb within layouts/application (32.6ms)
Completed 200 OK in 77ms (Views: 63.7ms | ActiveRecord: 1.3ms)


Started GET "/posts" for 127.0.0.1 at 2012-09-13 16:20:21 +0500
  Processing by PostsController#index as HTML
  [1m[35mPost Load (0.1ms)[0m  SELECT `posts`.* FROM `posts`
Rendered posts/index.html.erb within layouts/application (20.7ms)
Completed 200 OK in 71ms (Views: 25.6ms | ActiveRecord: 0.1ms)


Started GET "/posts/3/edit" for 127.0.0.1 at 2012-09-13 16:20:46 +0500
  Processing by PostsController#edit as HTML
  Parameters: {"id"=>"3"}
  [1m[36mPost Load (0.1ms)[0m  [1mSELECT `posts`.* FROM `posts` WHERE `posts`.`id` = 3 LIMIT 1[0m
Rendered posts/_form.html.erb (50.5ms)
Rendered posts/edit.html.erb within layouts/application (56.3ms)
Completed 200 OK in 79ms (Views: 63.5ms | ActiveRecord: 0.1ms)


Started POST "/posts" for 127.0.0.1 at 2012-09-13 16:20:48 +0500

ActionController::RoutingError (No route matches "/posts"):
  

Rendered /home/pikessoft/.rvm/gems/ruby-1.9.2-p290/gems/actionpack-3.0.4/lib/action_dispatch/middleware/templates/rescues/routing_error.erb within rescues/layout (1.4ms)


Started GET "/posts" for 127.0.0.1 at 2012-09-13 16:20:51 +0500
  Processing by PostsController#index as HTML
  [1m[35mPost Load (0.1ms)[0m  SELECT `posts`.* FROM `posts`
Rendered posts/index.html.erb within layouts/application (24.9ms)
Completed 200 OK in 119ms (Views: 79.0ms | ActiveRecord: 0.1ms)


Started GET "/posts/3/edit" for 127.0.0.1 at 2012-09-13 16:21:09 +0500
  Processing by PostsController#edit as HTML
  Parameters: {"id"=>"3"}
  [1m[36mPost Load (0.1ms)[0m  [1mSELECT `posts`.* FROM `posts` WHERE `posts`.`id` = 3 LIMIT 1[0m
Rendered posts/_form.html.erb (17.7ms)
Rendered posts/edit.html.erb within layouts/application (156.9ms)
Completed 200 OK in 180ms (Views: 163.0ms | ActiveRecord: 0.1ms)


Started POST "/posts" for 127.0.0.1 at 2012-09-13 16:21:22 +0500

ActionController::RoutingError (No route matches "/posts"):
  

Rendered /home/pikessoft/.rvm/gems/ruby-1.9.2-p290/gems/actionpack-3.0.4/lib/action_dispatch/middleware/templates/rescues/routing_error.erb within rescues/layout (1.2ms)


Started GET "/posts" for 127.0.0.1 at 2012-09-13 16:21:27 +0500
  Processing by PostsController#index as HTML
  [1m[35mPost Load (0.1ms)[0m  SELECT `posts`.* FROM `posts`
Rendered posts/index.html.erb within layouts/application (12.8ms)
Completed 200 OK in 71ms (Views: 16.5ms | ActiveRecord: 0.1ms)


Started POST "/posts" for 127.0.0.1 at 2012-09-13 16:23:53 +0500

ActionController::RoutingError (No route matches "/posts"):
  

Rendered /home/pikessoft/.rvm/gems/ruby-1.9.2-p290/gems/actionpack-3.0.4/lib/action_dispatch/middleware/templates/rescues/routing_error.erb within rescues/layout (0.9ms)


Started GET "/posts/3/edit" for 127.0.0.1 at 2012-09-13 16:25:12 +0500
  Processing by PostsController#edit as HTML
  Parameters: {"id"=>"3"}
  [1m[36mPost Load (0.1ms)[0m  [1mSELECT `posts`.* FROM `posts` WHERE `posts`.`id` = 3 LIMIT 1[0m
Rendered posts/_form.html.erb (33.7ms)
Rendered posts/edit.html.erb within layouts/application (41.4ms)
Completed 200 OK in 61ms (Views: 46.0ms | ActiveRecord: 0.1ms)


Started POST "/posts/3" for 127.0.0.1 at 2012-09-13 16:25:15 +0500
  Processing by PostsController#update as HTML
  Parameters: {"utf8"=>"✓", "authenticity_token"=>"kCJ0/AlBmjP4YNrxSioO7RJphO9P9z1WXHr/64w1wMo=", "post"=>{"name"=>"ccccccccc", "title"=>"wwwwwwwwwwwwwww", "content"=>"ssssssssssssssssss"}, "commit"=>"Update Post", "id"=>"3"}
  [1m[35mPost Load (0.1ms)[0m  SELECT `posts`.* FROM `posts` WHERE `posts`.`id` = 3 LIMIT 1
  [1m[36mSQL (0.1ms)[0m  [1mBEGIN[0m
[paperclip] Saving attachments.
  [1m[35mSQL (0.1ms)[0m  COMMIT
Redirected to http://localhost:3000/posts/3
Completed 302 Found in 31ms


Started GET "/posts/3" for 127.0.0.1 at 2012-09-13 16:25:15 +0500
  Processing by PostsController#show as HTML
  Parameters: {"id"=>"3"}
  [1m[36mPost Load (0.1ms)[0m  [1mSELECT `posts`.* FROM `posts` WHERE `posts`.`id` = 3 LIMIT 1[0m
Rendered posts/show.html.erb within layouts/application (18.3ms)
Completed 200 OK in 46ms (Views: 23.0ms | ActiveRecord: 0.3ms)


Started GET "/" for 127.0.0.1 at 2012-09-13 16:26:12 +0500
  Processing by PostsController#new as HTML
Rendered posts/_form.html.erb (1.2ms)
Rendered posts/new.html.erb within layouts/application (2.5ms)
Completed   in 38ms

ActionView::Template::Error (No route matches {:action=>"show", :controller=>"posts"}):
    1: <%= form_for @post, :url => post_path, :html => { :multipart => true } do |f| %>
    2:   <%= f.file_field :avatar %>
    3: <%# end %>
    4: <%#= form_for(@post) do |f| %>
  app/views/posts/_form.html.erb:1:in `_app_views_posts__form_html_erb__2287395211721135521_27190740__3137521029251987122'
  app/views/posts/new.html.erb:5:in `_app_views_posts_new_html_erb__1873544969110375717_27209040_2747414241951562079'
  app/controllers/posts_controller.rb:29:in `new'

Rendered /home/pikessoft/.rvm/gems/ruby-1.9.2-p290/gems/actionpack-3.0.4/lib/action_dispatch/middleware/templates/rescues/_trace.erb (3.2ms)
Rendered /home/pikessoft/.rvm/gems/ruby-1.9.2-p290/gems/actionpack-3.0.4/lib/action_dispatch/middleware/templates/rescues/_request_and_response.erb (7.8ms)
Rendered /home/pikessoft/.rvm/gems/ruby-1.9.2-p290/gems/actionpack-3.0.4/lib/action_dispatch/middleware/templates/rescues/template_error.erb within rescues/layout (18.7ms)


Started GET "/" for 127.0.0.1 at 2012-09-13 16:26:12 +0500
  Processing by PostsController#new as HTML
Rendered posts/_form.html.erb (1.1ms)
Rendered posts/new.html.erb within layouts/application (2.3ms)
Completed   in 14ms

ActionView::Template::Error (No route matches {:action=>"show", :controller=>"posts"}):
    1: <%= form_for @post, :url => post_path, :html => { :multipart => true } do |f| %>
    2:   <%= f.file_field :avatar %>
    3: <%# end %>
    4: <%#= form_for(@post) do |f| %>
  app/views/posts/_form.html.erb:1:in `_app_views_posts__form_html_erb__2287395211721135521_24977880__3137521029251987122'
  app/views/posts/new.html.erb:5:in `_app_views_posts_new_html_erb__1873544969110375717_24988680_2747414241951562079'
  app/controllers/posts_controller.rb:29:in `new'

Rendered /home/pikessoft/.rvm/gems/ruby-1.9.2-p290/gems/actionpack-3.0.4/lib/action_dispatch/middleware/templates/rescues/_trace.erb (1.7ms)
Rendered /home/pikessoft/.rvm/gems/ruby-1.9.2-p290/gems/actionpack-3.0.4/lib/action_dispatch/middleware/templates/rescues/_request_and_response.erb (3.9ms)
Rendered /home/pikessoft/.rvm/gems/ruby-1.9.2-p290/gems/actionpack-3.0.4/lib/action_dispatch/middleware/templates/rescues/template_error.erb within rescues/layout (10.1ms)


Started GET "/" for 127.0.0.1 at 2012-09-13 16:26:16 +0500
  Processing by PostsController#new as HTML
Rendered posts/_form.html.erb (1.1ms)
Rendered posts/new.html.erb within layouts/application (2.4ms)
Completed   in 38ms

ActionView::Template::Error (No route matches {:action=>"show", :controller=>"posts"}):
    1: <%= form_for @post, :url => post_path, :html => { :multipart => true } do |f| %>
    2:   <%= f.file_field :avatar %>
    3: <%# end %>
    4: <%#= form_for(@post) do |f| %>
  app/views/posts/_form.html.erb:1:in `_app_views_posts__form_html_erb__2287395211721135521_27231640__3137521029251987122'
  app/views/posts/new.html.erb:5:in `_app_views_posts_new_html_erb__1873544969110375717_27279400_2747414241951562079'
  app/controllers/posts_controller.rb:29:in `new'

Rendered /home/pikessoft/.rvm/gems/ruby-1.9.2-p290/gems/actionpack-3.0.4/lib/action_dispatch/middleware/templates/rescues/_trace.erb (1.1ms)
Rendered /home/pikessoft/.rvm/gems/ruby-1.9.2-p290/gems/actionpack-3.0.4/lib/action_dispatch/middleware/templates/rescues/_request_and_response.erb (5.6ms)
Rendered /home/pikessoft/.rvm/gems/ruby-1.9.2-p290/gems/actionpack-3.0.4/lib/action_dispatch/middleware/templates/rescues/template_error.erb within rescues/layout (9.9ms)


Started GET "/posts/3" for 127.0.0.1 at 2012-09-13 16:29:33 +0500
  Processing by PostsController#show as HTML
  Parameters: {"id"=>"3"}
  [1m[36mSQL (0.7ms)[0m  [1mSHOW TABLES[0m
  [1m[35mPost Load (0.2ms)[0m  SELECT `posts`.* FROM `posts` WHERE `posts`.`id` = 3 LIMIT 1
Rendered posts/show.html.erb within layouts/application (22.1ms)
Completed 200 OK in 150ms (Views: 29.6ms | ActiveRecord: 0.9ms)


Started GET "/posts/new" for 127.0.0.1 at 2012-09-13 16:29:40 +0500
  Processing by PostsController#new as HTML
Rendered posts/_form.html.erb (76.4ms)
Rendered posts/new.html.erb within layouts/application (77.8ms)
Completed   in 90ms

ActionView::Template::Error (No route matches {:action=>"show", :controller=>"posts"}):
    1: <%= form_for @post, :url => post_path, :html => { :multipart => true } do |f| %>
    2:   <%= f.file_field :avatar %>
    3: <%# end %>
    4: <%#= form_for(@post) do |f| %>
  app/views/posts/_form.html.erb:1:in `_app_views_posts__form_html_erb__1743261574723307349_33079700__757828106288792535'
  app/views/posts/new.html.erb:5:in `_app_views_posts_new_html_erb__133438485916575023_33024540_3836819320188154918'
  app/controllers/posts_controller.rb:29:in `new'

Rendered /home/pikessoft/.rvm/gems/ruby-1.9.2-p290/gems/actionpack-3.0.4/lib/action_dispatch/middleware/templates/rescues/_trace.erb (1.1ms)
Rendered /home/pikessoft/.rvm/gems/ruby-1.9.2-p290/gems/actionpack-3.0.4/lib/action_dispatch/middleware/templates/rescues/_request_and_response.erb (3.9ms)
Rendered /home/pikessoft/.rvm/gems/ruby-1.9.2-p290/gems/actionpack-3.0.4/lib/action_dispatch/middleware/templates/rescues/template_error.erb within rescues/layout (9.0ms)


Started GET "/posts/new" for 127.0.0.1 at 2012-09-13 16:30:53 +0500
  Processing by PostsController#new as HTML
Rendered posts/_form.html.erb (313.5ms)
Rendered posts/new.html.erb within layouts/application (318.5ms)
Completed 200 OK in 330ms (Views: 321.5ms | ActiveRecord: 0.0ms)


Started POST "/posts" for 127.0.0.1 at 2012-09-13 16:31:06 +0500
  Processing by PostsController#create as HTML
  Parameters: {"utf8"=>"✓", "authenticity_token"=>"kCJ0/AlBmjP4YNrxSioO7RJphO9P9z1WXHr/64w1wMo=", "post"=>{"avatar"=>#<ActionDispatch::Http::UploadedFile:0x00000003af2fa0 @original_filename="partyinthepark.png", @content_type="image/png", @headers="Content-Disposition: form-data; name=\"post[avatar]\"; filename=\"partyinthepark.png\"\r\nContent-Type: image/png\r\n", @tempfile=#<File:/tmp/RackMultipart20120913-2101-1ync3in>>, "name"=>"cccccccc", "title"=>"vvvvvvvvv", "content"=>"zzzzzzzzzzzz"}, "commit"=>"Create Post"}
[32mCommand[0m :: identify -format %wx%h '/tmp/partyinthepark20120913-2101-1gbe0p4.png[0]'
[32mCommand[0m :: identify -format %m '/tmp/partyinthepark20120913-2101-1gbe0p4.png[0]'
[32mCommand[0m :: identify -format %m '/tmp/partyinthepark20120913-2101-1gbe0p4.png[0]'
[32mCommand[0m :: convert '/tmp/partyinthepark20120913-2101-1gbe0p4.png[0]' -auto-orient -resize "300x300>" '/tmp/partyinthepark20120913-2101-1gbe0p420120913-2101-5wwp27'
[32mCommand[0m :: file -b --mime '/tmp/partyinthepark20120913-2101-1gbe0p420120913-2101-5wwp27'
[32mCommand[0m :: identify -format %wx%h '/tmp/partyinthepark20120913-2101-1gbe0p4.png[0]'
[32mCommand[0m :: identify -format %m '/tmp/partyinthepark20120913-2101-1gbe0p4.png[0]'
[32mCommand[0m :: identify -format %m '/tmp/partyinthepark20120913-2101-1gbe0p4.png[0]'
[32mCommand[0m :: convert '/tmp/partyinthepark20120913-2101-1gbe0p4.png[0]' -auto-orient -resize "100x100>" '/tmp/partyinthepark20120913-2101-1gbe0p420120913-2101-7udils'
[32mCommand[0m :: file -b --mime '/tmp/partyinthepark20120913-2101-1gbe0p420120913-2101-7udils'
  [1m[36mSQL (0.1ms)[0m  [1mBEGIN[0m
  [1m[35mSQL (0.7ms)[0m  describe `posts`
  [1m[36mAREL (0.2ms)[0m  [1mINSERT INTO `posts` (`name`, `title`, `content`, `created_at`, `updated_at`, `avatar_file_name`, `avatar_content_type`, `avatar_file_size`, `avatar_updated_at`) VALUES ('cccccccc', 'vvvvvvvvv', 'zzzzzzzzzzzz', '2012-09-13 11:31:06', '2012-09-13 11:31:06', 'partyinthepark.png', 'image/png', 68494, '2012-09-13 11:31:06')[0m
[paperclip] Saving attachments.
  [1m[35mSQL (70.8ms)[0m  COMMIT
  [1m[36mSQL (0.2ms)[0m  [1mBEGIN[0m
[paperclip] Saving attachments.
  [1m[35mSQL (0.1ms)[0m  COMMIT
Redirected to http://localhost:3000/posts/4
Completed 302 Found in 932ms


Started GET "/posts/4" for 127.0.0.1 at 2012-09-13 16:31:07 +0500
  Processing by PostsController#show as HTML
  Parameters: {"id"=>"4"}
  [1m[36mPost Load (0.5ms)[0m  [1mSELECT `posts`.* FROM `posts` WHERE `posts`.`id` = 4 LIMIT 1[0m
Rendered posts/show.html.erb within layouts/application (12.6ms)
Completed 200 OK in 25ms (Views: 15.5ms | ActiveRecord: 72.6ms)


Started GET "/posts/4/edit" for 127.0.0.1 at 2012-09-13 16:31:10 +0500
  Processing by PostsController#edit as HTML
  Parameters: {"id"=>"4"}
  [1m[35mPost Load (0.1ms)[0m  SELECT `posts`.* FROM `posts` WHERE `posts`.`id` = 4 LIMIT 1
Rendered posts/_form.html.erb (9.6ms)
Rendered posts/edit.html.erb within layouts/application (12.8ms)
Completed 200 OK in 49ms (Views: 15.7ms | ActiveRecord: 0.1ms)


Started POST "/posts/4" for 127.0.0.1 at 2012-09-13 16:31:13 +0500
  Processing by PostsController#update as HTML
  Parameters: {"utf8"=>"✓", "authenticity_token"=>"kCJ0/AlBmjP4YNrxSioO7RJphO9P9z1WXHr/64w1wMo=", "post"=>{"name"=>"cccccccc", "title"=>"vvvvvvvvv", "content"=>"zzzzzzzzzzzz"}, "commit"=>"Update Post", "id"=>"4"}
  [1m[36mPost Load (0.1ms)[0m  [1mSELECT `posts`.* FROM `posts` WHERE `posts`.`id` = 4 LIMIT 1[0m
  [1m[35mSQL (0.1ms)[0m  BEGIN
[paperclip] Saving attachments.
  [1m[36mSQL (0.1ms)[0m  [1mCOMMIT[0m
Redirected to http://localhost:3000/posts/4
Completed 302 Found in 19ms


Started GET "/posts/4" for 127.0.0.1 at 2012-09-13 16:31:13 +0500
  Processing by PostsController#show as HTML
  Parameters: {"id"=>"4"}
  [1m[35mPost Load (0.1ms)[0m  SELECT `posts`.* FROM `posts` WHERE `posts`.`id` = 4 LIMIT 1
Rendered posts/show.html.erb within layouts/application (11.0ms)
Completed 200 OK in 24ms (Views: 14.3ms | ActiveRecord: 0.3ms)


Started GET "/posts/4/edit" for 127.0.0.1 at 2012-09-13 16:33:08 +0500
  Processing by PostsController#edit as HTML
  Parameters: {"id"=>"4"}
  [1m[36mPost Load (0.1ms)[0m  [1mSELECT `posts`.* FROM `posts` WHERE `posts`.`id` = 4 LIMIT 1[0m
Rendered posts/_form.html.erb (12.5ms)
Rendered posts/edit.html.erb within layouts/application (16.0ms)
Completed 200 OK in 30ms (Views: 19.1ms | ActiveRecord: 0.1ms)


Started POST "/posts/4" for 127.0.0.1 at 2012-09-13 16:33:09 +0500
  Processing by PostsController#update as HTML
  Parameters: {"utf8"=>"✓", "authenticity_token"=>"kCJ0/AlBmjP4YNrxSioO7RJphO9P9z1WXHr/64w1wMo=", "post"=>{"name"=>"cccccccc", "title"=>"vvvvvvvvv", "content"=>"zzzzzzzzzzzz"}, "commit"=>"Update Post", "id"=>"4"}
  [1m[35mPost Load (0.1ms)[0m  SELECT `posts`.* FROM `posts` WHERE `posts`.`id` = 4 LIMIT 1
  [1m[36mSQL (0.1ms)[0m  [1mBEGIN[0m
[paperclip] Saving attachments.
  [1m[35mSQL (0.1ms)[0m  COMMIT
Redirected to http://localhost:3000/posts/4
Completed 302 Found in 23ms


Started GET "/posts/4" for 127.0.0.1 at 2012-09-13 16:33:09 +0500
  Processing by PostsController#show as HTML
  Parameters: {"id"=>"4"}
  [1m[36mPost Load (0.1ms)[0m  [1mSELECT `posts`.* FROM `posts` WHERE `posts`.`id` = 4 LIMIT 1[0m
Rendered posts/show.html.erb within layouts/application (10.7ms)
Completed 200 OK in 23ms (Views: 13.6ms | ActiveRecord: 0.3ms)


Started GET "/" for 127.0.0.1 at 2012-09-13 16:33:16 +0500
  Processing by PostsController#new as HTML
Rendered posts/_form.html.erb (1.2ms)
Rendered posts/new.html.erb within layouts/application (12.4ms)
Completed   in 24ms

ActionView::Template::Error (No route matches {:action=>"show", :controller=>"posts"}):
    1: <%= form_for @post, :url => post_path, :html => { :multipart => true } do |f| %>
    2:   <%= f.file_field :avatar %>
    3: <%# end %>
    4: <%#= form_for(@post) do |f| %>
  app/views/posts/_form.html.erb:1:in `_app_views_posts__form_html_erb__1743261574723307349_31374620__757828106288792535'
  app/views/posts/new.html.erb:5:in `_app_views_posts_new_html_erb__133438485916575023_31631840_3836819320188154918'
  app/controllers/posts_controller.rb:29:in `new'

Rendered /home/pikessoft/.rvm/gems/ruby-1.9.2-p290/gems/actionpack-3.0.4/lib/action_dispatch/middleware/templates/rescues/_trace.erb (1.2ms)
Rendered /home/pikessoft/.rvm/gems/ruby-1.9.2-p290/gems/actionpack-3.0.4/lib/action_dispatch/middleware/templates/rescues/_request_and_response.erb (4.1ms)
Rendered /home/pikessoft/.rvm/gems/ruby-1.9.2-p290/gems/actionpack-3.0.4/lib/action_dispatch/middleware/templates/rescues/template_error.erb within rescues/layout (8.8ms)


Started GET "/" for 127.0.0.1 at 2012-09-13 16:34:23 +0500
  Processing by PostsController#new as HTML
Rendered posts/_form.html.erb (9.2ms)
Rendered posts/new.html.erb within layouts/application (12.8ms)
Completed 200 OK in 30ms (Views: 16.4ms | ActiveRecord: 0.0ms)


Started POST "/posts" for 127.0.0.1 at 2012-09-13 16:34:29 +0500
  Processing by PostsController#create as HTML
  Parameters: {"utf8"=>"✓", "authenticity_token"=>"kCJ0/AlBmjP4YNrxSioO7RJphO9P9z1WXHr/64w1wMo=", "post"=>{"name"=>"", "title"=>"", "content"=>""}, "commit"=>"Create Post"}
  [1m[35mSQL (0.1ms)[0m  BEGIN
  [1m[36mSQL (0.6ms)[0m  [1mdescribe `posts`[0m
  [1m[35mAREL (0.2ms)[0m  INSERT INTO `posts` (`name`, `title`, `content`, `created_at`, `updated_at`, `avatar_file_name`, `avatar_content_type`, `avatar_file_size`, `avatar_updated_at`) VALUES ('', '', '', '2012-09-13 11:34:30', '2012-09-13 11:34:30', NULL, NULL, NULL, NULL)
[paperclip] Saving attachments.
  [1m[36mSQL (66.7ms)[0m  [1mCOMMIT[0m
  [1m[35mSQL (0.1ms)[0m  BEGIN
[paperclip] Saving attachments.
  [1m[36mSQL (0.1ms)[0m  [1mCOMMIT[0m
Redirected to http://localhost:3000/posts/5
Completed 302 Found in 98ms


Started GET "/posts/5" for 127.0.0.1 at 2012-09-13 16:34:30 +0500
  Processing by PostsController#show as HTML
  Parameters: {"id"=>"5"}
  [1m[35mPost Load (0.3ms)[0m  SELECT `posts`.* FROM `posts` WHERE `posts`.`id` = 5 LIMIT 1
Rendered posts/show.html.erb within layouts/application (12.3ms)
Completed 200 OK in 31ms (Views: 17.3ms | ActiveRecord: 68.0ms)


Started GET "/avatars/original/missing.png" for 127.0.0.1 at 2012-09-13 16:34:30 +0500

ActionController::RoutingError (No route matches "/avatars/original/missing.png"):
  

Rendered /home/pikessoft/.rvm/gems/ruby-1.9.2-p290/gems/actionpack-3.0.4/lib/action_dispatch/middleware/templates/rescues/routing_error.erb within rescues/layout (1.5ms)


Started GET "/avatars/thumb/missing.png" for 127.0.0.1 at 2012-09-13 16:34:30 +0500

ActionController::RoutingError (No route matches "/avatars/thumb/missing.png"):
  

Rendered /home/pikessoft/.rvm/gems/ruby-1.9.2-p290/gems/actionpack-3.0.4/lib/action_dispatch/middleware/templates/rescues/routing_error.erb within rescues/layout (1.7ms)


Started GET "/avatars/medium/missing.png" for 127.0.0.1 at 2012-09-13 16:34:30 +0500

ActionController::RoutingError (No route matches "/avatars/medium/missing.png"):
  

Rendered /home/pikessoft/.rvm/gems/ruby-1.9.2-p290/gems/actionpack-3.0.4/lib/action_dispatch/middleware/templates/rescues/routing_error.erb within rescues/layout (4.0ms)


Started GET "/posts/5/edit" for 127.0.0.1 at 2012-09-13 16:34:32 +0500
  Processing by PostsController#edit as HTML
  Parameters: {"id"=>"5"}
  [1m[36mPost Load (0.1ms)[0m  [1mSELECT `posts`.* FROM `posts` WHERE `posts`.`id` = 5 LIMIT 1[0m
Rendered posts/_form.html.erb (10.1ms)
Rendered posts/edit.html.erb within layouts/application (13.6ms)
Completed 200 OK in 27ms (Views: 16.9ms | ActiveRecord: 0.1ms)


Started POST "/posts/5" for 127.0.0.1 at 2012-09-13 16:34:33 +0500
  Processing by PostsController#update as HTML
  Parameters: {"utf8"=>"✓", "authenticity_token"=>"kCJ0/AlBmjP4YNrxSioO7RJphO9P9z1WXHr/64w1wMo=", "post"=>{"name"=>"", "title"=>"", "content"=>""}, "commit"=>"Update Post", "id"=>"5"}
  [1m[35mPost Load (0.1ms)[0m  SELECT `posts`.* FROM `posts` WHERE `posts`.`id` = 5 LIMIT 1
  [1m[36mSQL (0.0ms)[0m  [1mBEGIN[0m
[paperclip] Saving attachments.
  [1m[35mSQL (0.1ms)[0m  COMMIT
Redirected to http://localhost:3000/posts/5
Completed 302 Found in 45ms


Started GET "/posts/5" for 127.0.0.1 at 2012-09-13 16:34:33 +0500
  Processing by PostsController#show as HTML
  Parameters: {"id"=>"5"}
  [1m[36mPost Load (0.1ms)[0m  [1mSELECT `posts`.* FROM `posts` WHERE `posts`.`id` = 5 LIMIT 1[0m
Rendered posts/show.html.erb within layouts/application (9.8ms)
Completed 200 OK in 25ms (Views: 12.7ms | ActiveRecord: 0.3ms)


Started GET "/avatars/original/missing.png" for 127.0.0.1 at 2012-09-13 16:34:33 +0500

ActionController::RoutingError (No route matches "/avatars/original/missing.png"):
  

Rendered /home/pikessoft/.rvm/gems/ruby-1.9.2-p290/gems/actionpack-3.0.4/lib/action_dispatch/middleware/templates/rescues/routing_error.erb within rescues/layout (1.4ms)


Started GET "/avatars/medium/missing.png" for 127.0.0.1 at 2012-09-13 16:34:33 +0500

ActionController::RoutingError (No route matches "/avatars/medium/missing.png"):
  

Rendered /home/pikessoft/.rvm/gems/ruby-1.9.2-p290/gems/actionpack-3.0.4/lib/action_dispatch/middleware/templates/rescues/routing_error.erb within rescues/layout (1.6ms)


Started GET "/avatars/thumb/missing.png" for 127.0.0.1 at 2012-09-13 16:34:33 +0500

ActionController::RoutingError (No route matches "/avatars/thumb/missing.png"):
  

Rendered /home/pikessoft/.rvm/gems/ruby-1.9.2-p290/gems/actionpack-3.0.4/lib/action_dispatch/middleware/templates/rescues/routing_error.erb within rescues/layout (3.5ms)


Started GET "/posts/5" for 127.0.0.1 at 2012-09-13 16:50:29 +0500
  Processing by PostsController#show as HTML
  Parameters: {"id"=>"5"}
  [1m[35mPost Load (0.2ms)[0m  SELECT `posts`.* FROM `posts` WHERE `posts`.`id` = 5 LIMIT 1
Rendered posts/show.html.erb within layouts/application (42.7ms)
Completed 200 OK in 189ms (Views: 136.6ms | ActiveRecord: 0.2ms)


Started GET "/avatars/original/missing.png" for 127.0.0.1 at 2012-09-13 16:50:29 +0500

ActionController::RoutingError (No route matches "/avatars/original/missing.png"):
  

Rendered /home/pikessoft/.rvm/gems/ruby-1.9.2-p290/gems/actionpack-3.0.4/lib/action_dispatch/middleware/templates/rescues/routing_error.erb within rescues/layout (2.8ms)


Started GET "/avatars/medium/missing.png" for 127.0.0.1 at 2012-09-13 16:50:29 +0500

ActionController::RoutingError (No route matches "/avatars/medium/missing.png"):
  

Rendered /home/pikessoft/.rvm/gems/ruby-1.9.2-p290/gems/actionpack-3.0.4/lib/action_dispatch/middleware/templates/rescues/routing_error.erb within rescues/layout (1.6ms)


Started GET "/avatars/thumb/missing.png" for 127.0.0.1 at 2012-09-13 16:50:29 +0500

ActionController::RoutingError (No route matches "/avatars/thumb/missing.png"):
  

Rendered /home/pikessoft/.rvm/gems/ruby-1.9.2-p290/gems/actionpack-3.0.4/lib/action_dispatch/middleware/templates/rescues/routing_error.erb within rescues/layout (1.5ms)


Started GET "/posts/5/edit" for 127.0.0.1 at 2012-09-13 16:50:31 +0500
  Processing by PostsController#edit as HTML
  Parameters: {"id"=>"5"}
  [1m[36mPost Load (0.1ms)[0m  [1mSELECT `posts`.* FROM `posts` WHERE `posts`.`id` = 5 LIMIT 1[0m
Rendered posts/_form.html.erb (24.7ms)
Rendered posts/edit.html.erb within layouts/application (27.9ms)
Completed 200 OK in 61ms (Views: 37.7ms | ActiveRecord: 0.1ms)


Started POST "/posts/5" for 127.0.0.1 at 2012-09-13 16:51:00 +0500
  Processing by PostsController#update as HTML
  Parameters: {"utf8"=>"✓", "authenticity_token"=>"kCJ0/AlBmjP4YNrxSioO7RJphO9P9z1WXHr/64w1wMo=", "post"=>{"avatar"=>#<ActionDispatch::Http::UploadedFile:0x0000000255f800 @original_filename="skill_icon.png", @content_type="image/png", @headers="Content-Disposition: form-data; name=\"post[avatar]\"; filename=\"skill_icon.png\"\r\nContent-Type: image/png\r\n", @tempfile=#<File:/tmp/RackMultipart20120913-2101-1qtmqm9>>, "name"=>"rails ", "title"=>"ruby", "content"=>"ruby on rails skillset"}, "commit"=>"Update Post", "id"=>"5"}
  [1m[35mPost Load (0.1ms)[0m  SELECT `posts`.* FROM `posts` WHERE `posts`.`id` = 5 LIMIT 1
  [1m[36mSQL (0.0ms)[0m  [1mBEGIN[0m
[32mCommand[0m :: identify -format %wx%h '/tmp/skill_icon20120913-2101-1j8jret.png[0]'
[32mCommand[0m :: identify -format %m '/tmp/skill_icon20120913-2101-1j8jret.png[0]'
[32mCommand[0m :: identify -format %m '/tmp/skill_icon20120913-2101-1j8jret.png[0]'
[32mCommand[0m :: convert '/tmp/skill_icon20120913-2101-1j8jret.png[0]' -auto-orient -resize "300x300>" '/tmp/skill_icon20120913-2101-1j8jret20120913-2101-x0jcpw'
[32mCommand[0m :: file -b --mime '/tmp/skill_icon20120913-2101-1j8jret20120913-2101-x0jcpw'
[32mCommand[0m :: identify -format %wx%h '/tmp/skill_icon20120913-2101-1j8jret.png[0]'
[32mCommand[0m :: identify -format %m '/tmp/skill_icon20120913-2101-1j8jret.png[0]'
[32mCommand[0m :: identify -format %m '/tmp/skill_icon20120913-2101-1j8jret.png[0]'
[32mCommand[0m :: convert '/tmp/skill_icon20120913-2101-1j8jret.png[0]' -auto-orient -resize "100x100>" '/tmp/skill_icon20120913-2101-1j8jret20120913-2101-n5anw9'
[32mCommand[0m :: file -b --mime '/tmp/skill_icon20120913-2101-1j8jret20120913-2101-n5anw9'
  [1m[35mAREL (32.1ms)[0m  UPDATE `posts` SET `avatar_file_name` = 'skill_icon.png', `avatar_content_type` = 'image/png', `avatar_file_size` = 17643, `avatar_updated_at` = '2012-09-13 11:51:00', `name` = 'rails ', `title` = 'ruby', `content` = 'ruby on rails skillset', `updated_at` = '2012-09-13 11:51:01' WHERE `posts`.`id` = 5
[paperclip] Saving attachments.
  [1m[36mSQL (66.2ms)[0m  [1mCOMMIT[0m
Redirected to http://localhost:3000/posts/5
Completed 302 Found in 1037ms


Started GET "/posts/5" for 127.0.0.1 at 2012-09-13 16:51:01 +0500
  Processing by PostsController#show as HTML
  Parameters: {"id"=>"5"}
  [1m[35mPost Load (0.2ms)[0m  SELECT `posts`.* FROM `posts` WHERE `posts`.`id` = 5 LIMIT 1
Rendered posts/show.html.erb within layouts/application (14.3ms)
Completed 200 OK in 53ms (Views: 17.4ms | ActiveRecord: 98.7ms)


Started GET "/" for 127.0.0.1 at 2012-09-13 16:51:10 +0500
  Processing by PostsController#new as HTML
Rendered posts/_form.html.erb (8.6ms)
Rendered posts/new.html.erb within layouts/application (18.9ms)
Completed 200 OK in 34ms (Views: 25.0ms | ActiveRecord: 0.0ms)


Started GET "/" for 127.0.0.1 at 2012-09-13 16:51:10 +0500
  Processing by PostsController#new as HTML
Rendered posts/_form.html.erb (9.6ms)
Rendered posts/new.html.erb within layouts/application (15.5ms)
Completed 200 OK in 46ms (Views: 37.1ms | ActiveRecord: 0.0ms)


Started GET "/posts" for 127.0.0.1 at 2012-09-13 16:51:17 +0500
  Processing by PostsController#index as HTML
  [1m[36mPost Load (0.4ms)[0m  [1mSELECT `posts`.* FROM `posts`[0m
Rendered posts/index.html.erb within layouts/application (14.0ms)
Completed 200 OK in 29ms (Views: 19.2ms | ActiveRecord: 0.4ms)


Started GET "/posts/3" for 127.0.0.1 at 2012-09-13 16:51:22 +0500
  Processing by PostsController#show as HTML
  Parameters: {"id"=>"3"}
  [1m[35mPost Load (0.3ms)[0m  SELECT `posts`.* FROM `posts` WHERE `posts`.`id` = 3 LIMIT 1
Rendered posts/show.html.erb within layouts/application (61.1ms)
Completed 200 OK in 74ms (Views: 64.2ms | ActiveRecord: 0.3ms)


Started GET "/posts/3" for 127.0.0.1 at 2012-09-13 16:51:27 +0500
  Processing by PostsController#show as HTML
  Parameters: {"id"=>"3"}
  [1m[36mPost Load (0.1ms)[0m  [1mSELECT `posts`.* FROM `posts` WHERE `posts`.`id` = 3 LIMIT 1[0m
Rendered posts/show.html.erb within layouts/application (11.1ms)
Completed 200 OK in 125ms (Views: 84.8ms | ActiveRecord: 0.1ms)


Started GET "/posts/4" for 127.0.0.1 at 2012-09-13 16:51:30 +0500
  Processing by PostsController#show as HTML
  Parameters: {"id"=>"4"}
  [1m[35mPost Load (0.7ms)[0m  SELECT `posts`.* FROM `posts` WHERE `posts`.`id` = 4 LIMIT 1
Rendered posts/show.html.erb within layouts/application (20.3ms)
Completed 200 OK in 51ms (Views: 27.7ms | ActiveRecord: 0.7ms)


Started GET "/posts/5" for 127.0.0.1 at 2012-09-13 16:51:33 +0500
  Processing by PostsController#show as HTML
  Parameters: {"id"=>"5"}
  [1m[36mPost Load (0.1ms)[0m  [1mSELECT `posts`.* FROM `posts` WHERE `posts`.`id` = 5 LIMIT 1[0m
Rendered posts/show.html.erb within layouts/application (34.4ms)
Completed 200 OK in 48ms (Views: 38.3ms | ActiveRecord: 0.1ms)


Started GET "/posts/5/edit" for 127.0.0.1 at 2012-09-13 16:56:48 +0500
  Processing by PostsController#edit as HTML
  Parameters: {"id"=>"5"}
  [1m[35mPost Load (0.1ms)[0m  SELECT `posts`.* FROM `posts` WHERE `posts`.`id` = 5 LIMIT 1
Rendered posts/_form.html.erb (9.3ms)
Rendered posts/edit.html.erb within layouts/application (12.5ms)
Completed 200 OK in 30ms (Views: 16.2ms | ActiveRecord: 0.1ms)


Started POST "/posts/5" for 127.0.0.1 at 2012-09-13 16:56:52 +0500
  Processing by PostsController#update as HTML
  Parameters: {"utf8"=>"✓", "authenticity_token"=>"kCJ0/AlBmjP4YNrxSioO7RJphO9P9z1WXHr/64w1wMo=", "post"=>{"name"=>"rails ", "title"=>"ruby", "content"=>"ruby on rails skillset"}, "commit"=>"Update Post", "id"=>"5"}
  [1m[36mPost Load (0.2ms)[0m  [1mSELECT `posts`.* FROM `posts` WHERE `posts`.`id` = 5 LIMIT 1[0m
  [1m[35mSQL (0.1ms)[0m  BEGIN
[paperclip] Saving attachments.
  [1m[36mSQL (0.1ms)[0m  [1mCOMMIT[0m
Redirected to http://localhost:3000/posts/5
Completed 302 Found in 37ms


Started GET "/posts/5" for 127.0.0.1 at 2012-09-13 16:56:52 +0500
  Processing by PostsController#show as HTML
  Parameters: {"id"=>"5"}
  [1m[35mPost Load (0.1ms)[0m  SELECT `posts`.* FROM `posts` WHERE `posts`.`id` = 5 LIMIT 1
Rendered posts/show.html.erb within layouts/application (12.3ms)
Completed 200 OK in 25ms (Views: 15.5ms | ActiveRecord: 0.5ms)


Started GET "/posts/5/edit" for 127.0.0.1 at 2012-09-13 16:56:54 +0500
  Processing by PostsController#edit as HTML
  Parameters: {"id"=>"5"}
  [1m[36mPost Load (0.1ms)[0m  [1mSELECT `posts`.* FROM `posts` WHERE `posts`.`id` = 5 LIMIT 1[0m
Rendered posts/_form.html.erb (9.4ms)
Rendered posts/edit.html.erb within layouts/application (13.1ms)
Completed 200 OK in 27ms (Views: 16.7ms | ActiveRecord: 0.1ms)


Started GET "/posts/5/edit" for 127.0.0.1 at 2012-09-13 16:58:03 +0500
  Processing by PostsController#edit as HTML
  Parameters: {"id"=>"5"}
  [1m[35mPost Load (0.2ms)[0m  SELECT `posts`.* FROM `posts` WHERE `posts`.`id` = 5 LIMIT 1
Rendered posts/_form.html.erb (10.5ms)
Rendered posts/edit.html.erb within layouts/application (13.7ms)
Completed 200 OK in 53ms (Views: 19.8ms | ActiveRecord: 0.2ms)


Started GET "/" for 127.0.0.1 at 2012-09-13 18:00:19 +0500
  Processing by PostsController#new as HTML
Rendered posts/_form.html.erb (18.0ms)
Rendered posts/new.html.erb within layouts/application (52.6ms)
Completed 200 OK in 327ms (Views: 202.5ms | ActiveRecord: 0.0ms)
